2012/12/29 23:11:24 [SQLSTATE[42000]: Syntax error or access violation: 1064 You have an error in your SQL syntax; check the manual that corresponds to your MySQL server version for the right syntax to use near 'AND C.numright > ) OR (C.id = 455))
                                            ' at line 4] ( 42000.1064 : You have an error in your SQL syntax; check the manual that corresponds to your MySQL server version for the right syntax to use near 'AND C.numright > ) OR (C.id = 455))
                                            ' at line 4 )<br /> /home/dewens/projects/dobox/modules/bbs/bbs.class.php [1979]
2012/12/29 23:12:01 [SQLSTATE[42000]: Syntax error or access violation: 1064 You have an error in your SQL syntax; check the manual that corresponds to your MySQL server version for the right syntax to use near 'AND C.numright > ) OR (C.id = 455))
                                            ' at line 4] ( 42000.1064 : You have an error in your SQL syntax; check the manual that corresponds to your MySQL server version for the right syntax to use near 'AND C.numright > ) OR (C.id = 455))
                                            ' at line 4 )<br /> /home/dewens/projects/dobox/modules/bbs/bbs.class.php [1979]
2012/12/29 23:21:26 [SQLSTATE[42000]: Syntax error or access violation: 1064 You have an error in your SQL syntax; check the manual that corresponds to your MySQL server version for the right syntax to use near 'AND C.numright > ) OR (C.id = 456))
                                            ' at line 4] ( 42000.1064 : You have an error in your SQL syntax; check the manual that corresponds to your MySQL server version for the right syntax to use near 'AND C.numright > ) OR (C.id = 456))
                                            ' at line 4 )<br /> /home/dewens/projects/dobox/modules/bbs/bbs.class.php [1979]
2012/12/29 23:22:40 [SQLSTATE[42000]: Syntax error or access violation: 1064 You have an error in your SQL syntax; check the manual that corresponds to your MySQL server version for the right syntax to use near 'AND C.numright > ) OR (C.id = 455))
                                            ' at line 4] ( 42000.1064 : You have an error in your SQL syntax; check the manual that corresponds to your MySQL server version for the right syntax to use near 'AND C.numright > ) OR (C.id = 455))
                                            ' at line 4 )<br /> /home/dewens/projects/dobox/modules/bbs/bbs.class.php [1979]
2012/12/29 23:22:57 [SQLSTATE[42000]: Syntax error or access violation: 1064 You have an error in your SQL syntax; check the manual that corresponds to your MySQL server version for the right syntax to use near 'AND C.numright > ) OR (C.id = 455))
                                            ' at line 4] ( 42000.1064 : You have an error in your SQL syntax; check the manual that corresponds to your MySQL server version for the right syntax to use near 'AND C.numright > ) OR (C.id = 455))
                                            ' at line 4 )<br /> /home/dewens/projects/dobox/modules/bbs/bbs.class.php [1979]
2012/12/29 23:26:17 [SQLSTATE[42000]: Syntax error or access violation: 1064 You have an error in your SQL syntax; check the manual that corresponds to your MySQL server version for the right syntax to use near 'AND C.numright > ) OR (C.id = 456))
                                            ' at line 4] ( 42000.1064 : You have an error in your SQL syntax; check the manual that corresponds to your MySQL server version for the right syntax to use near 'AND C.numright > ) OR (C.id = 456))
                                            ' at line 4 )<br /> /home/dewens/projects/dobox/modules/bbs/bbs.class.php [1987]
2012/12/29 23:28:14 [SQLSTATE[42000]: Syntax error or access violation: 1064 You have an error in your SQL syntax; check the manual that corresponds to your MySQL server version for the right syntax to use near 'AND C.numright > ) OR (C.id = 455))
                                            ' at line 4] ( 42000.1064 : You have an error in your SQL syntax; check the manual that corresponds to your MySQL server version for the right syntax to use near 'AND C.numright > ) OR (C.id = 455))
                                            ' at line 4 )<br /> /home/dewens/projects/dobox/modules/bbs/bbs.class.php [1984]
2012/12/30 06:38:08 [SQLSTATE[42000]: Syntax error or access violation: 1064 You have an error in your SQL syntax; check the manual that corresponds to your MySQL server version for the right syntax to use near 'AND C.numright > ) OR (C.id = 455))
                                            ' at line 4] ( 42000.1064 : You have an error in your SQL syntax; check the manual that corresponds to your MySQL server version for the right syntax to use near 'AND C.numright > ) OR (C.id = 455))
                                            ' at line 4 )<br /> /home/dewens/projects/dobox/modules/bbs/bbs.class.php [1984]
2013/01/05 21:20:54 [SQLSTATE[42000]: Syntax error or access violation: 1064 You have an error in your SQL syntax; check the manual that corresponds to your MySQL server version for the right syntax to use near 'AND C.numright > ) OR (C.id = 455))
                                            ' at line 4] ( 42000.1064 : You have an error in your SQL syntax; check the manual that corresponds to your MySQL server version for the right syntax to use near 'AND C.numright > ) OR (C.id = 455))
                                            ' at line 4 )<br /> /home/dewens/projects/dobox/modules/bbs/bbs.class.php [1984]
2013/01/08 20:45:09 [SQLSTATE[42000]: Syntax error or access violation: 1064 You have an error in your SQL syntax; check the manual that corresponds to your MySQL server version for the right syntax to use near 'AND C.numright > ) OR (C.id = 455))
                                            ' at line 4] ( 42000.1064 : You have an error in your SQL syntax; check the manual that corresponds to your MySQL server version for the right syntax to use near 'AND C.numright > ) OR (C.id = 455))
                                            ' at line 4 )<br /> /home/dewens/projects/dobox/modules/bbs/bbs.class.php [1984]
2013/01/08 20:58:21 [SQLSTATE[42000]: Syntax error or access violation: 1064 You have an error in your SQL syntax; check the manual that corresponds to your MySQL server version for the right syntax to use near 'AND C.numright > ) OR (C.id = 455))
                                            ' at line 4] ( 42000.1064 : You have an error in your SQL syntax; check the manual that corresponds to your MySQL server version for the right syntax to use near 'AND C.numright > ) OR (C.id = 455))
                                            ' at line 4 )<br /> /home/dewens/projects/dobox/modules/bbs/bbs.class.php [1984]
2013/01/08 20:59:32 [SQLSTATE[42000]: Syntax error or access violation: 1064 You have an error in your SQL syntax; check the manual that corresponds to your MySQL server version for the right syntax to use near 'AND C.numright > ) OR (C.id = 455))
                                            ' at line 4] ( 42000.1064 : You have an error in your SQL syntax; check the manual that corresponds to your MySQL server version for the right syntax to use near 'AND C.numright > ) OR (C.id = 455))
                                            ' at line 4 )<br /> /home/dewens/projects/dobox/modules/bbs/bbs.class.php [1984]
2013/01/08 21:04:32 [SQLSTATE[42000]: Syntax error or access violation: 1064 You have an error in your SQL syntax; check the manual that corresponds to your MySQL server version for the right syntax to use near 'AND C.numright > ) OR (C.id = 456))
                                            ' at line 4] ( 42000.1064 : You have an error in your SQL syntax; check the manual that corresponds to your MySQL server version for the right syntax to use near 'AND C.numright > ) OR (C.id = 456))
                                            ' at line 4 )<br /> /home/dewens/projects/dobox/modules/bbs/bbs.class.php [1984]
2013/01/08 21:08:31 [SQLSTATE[42000]: Syntax error or access violation: 1064 You have an error in your SQL syntax; check the manual that corresponds to your MySQL server version for the right syntax to use near 'AND C.numright > ) OR (C.id = 455))
                                            ' at line 4] ( 42000.1064 : You have an error in your SQL syntax; check the manual that corresponds to your MySQL server version for the right syntax to use near 'AND C.numright > ) OR (C.id = 455))
                                            ' at line 4 )<br /> /home/dewens/projects/dobox/modules/bbs/bbs.class.php [1984]
2013/01/08 21:11:19 [SQLSTATE[42000]: Syntax error or access violation: 1064 You have an error in your SQL syntax; check the manual that corresponds to your MySQL server version for the right syntax to use near 'AND C.numright > ) OR (C.id = 455))
                                            ' at line 4] ( 42000.1064 : You have an error in your SQL syntax; check the manual that corresponds to your MySQL server version for the right syntax to use near 'AND C.numright > ) OR (C.id = 455))
                                            ' at line 4 )<br /> /home/dewens/projects/dobox/modules/bbs/bbs.class.php [1986]
2013/01/08 21:12:22 [SQLSTATE[42000]: Syntax error or access violation: 1064 You have an error in your SQL syntax; check the manual that corresponds to your MySQL server version for the right syntax to use near 'AND C.numright > ) OR (C.id = 456))
                                            ' at line 4] ( 42000.1064 : You have an error in your SQL syntax; check the manual that corresponds to your MySQL server version for the right syntax to use near 'AND C.numright > ) OR (C.id = 456))
                                            ' at line 4 )<br /> /home/dewens/projects/dobox/modules/bbs/bbs.class.php [1986]
2013/01/08 21:16:51 [SQLSTATE[42000]: Syntax error or access violation: 1064 You have an error in your SQL syntax; check the manual that corresponds to your MySQL server version for the right syntax to use near 'AND C.numright > ) OR (C.id = 456))
                                            ' at line 4] ( 42000.1064 : You have an error in your SQL syntax; check the manual that corresponds to your MySQL server version for the right syntax to use near 'AND C.numright > ) OR (C.id = 456))
                                            ' at line 4 )<br /> /home/dewens/projects/dobox/modules/bbs/bbs.class.php [1986]
2013/01/08 21:20:37 [SQLSTATE[42000]: Syntax error or access violation: 1064 You have an error in your SQL syntax; check the manual that corresponds to your MySQL server version for the right syntax to use near 'AND C.numright > ) OR (C.id = 455))
                                            ' at line 4] ( 42000.1064 : You have an error in your SQL syntax; check the manual that corresponds to your MySQL server version for the right syntax to use near 'AND C.numright > ) OR (C.id = 455))
                                            ' at line 4 )<br /> /home/dewens/projects/dobox/modules/bbs/bbs.class.php [1987]
2013/01/08 21:24:26 [SQLSTATE[42000]: Syntax error or access violation: 1064 You have an error in your SQL syntax; check the manual that corresponds to your MySQL server version for the right syntax to use near 'AND C.numright > ) OR (C.id = 38))
                                             ' at line 4] ( 42000.1064 : You have an error in your SQL syntax; check the manual that corresponds to your MySQL server version for the right syntax to use near 'AND C.numright > ) OR (C.id = 38))
                                             ' at line 4 )<br /> /home/dewens/projects/dobox/modules/bbs/bbs.class.php [1989]
